Using pre-set license

 COMMAND LINE ARGUMENTS:
/Applications/Unity/Hub/Editor/2020.3.9f1/Unity.app/Contents/MacOS/Unity
-adb2
-batchMode
-noUpm
-name
AssetImportWorker0
-projectPath
/Users/y76-work/Documents/Unity Projects/GA_Platformer
-logFile
Logs/AssetImportWorker0.log
-srvPort
49601
Successfully changed project path to: /Users/y76-work/Documents/Unity Projects/GA_Platformer
/Users/y76-work/Documents/Unity Projects/GA_Platformer
Using Asset Import Pipeline V2.
Refreshing native plugins compatible for Editor in 57.93 ms, found 2 plugins.
Preloading 0 native plugins for Editor in 0.00 ms.
Initialize engine version: 2020.3.9f1 (108be757e447)
[Subsystems] Discovering subsystems at path /Applications/Unity/Hub/Editor/2020.3.9f1/Unity.app/Contents/Resources/UnitySubsystems
[Subsystems] Discovering subsystems at path /Users/y76-work/Documents/Unity Projects/GA_Platformer/Assets
GfxDevice: creating device client; threaded=0
2021-06-30 20:20:46.504 Unity[39823:11286629] Color LCD preferred device: Intel(R) Iris(TM) Plus Graphics 640 (low power)
2021-06-30 20:20:46.504 Unity[39823:11286629] Metal devices available: 1
2021-06-30 20:20:46.504 Unity[39823:11286629] 0: Intel(R) Iris(TM) Plus Graphics 640 (low power)
2021-06-30 20:20:46.504 Unity[39823:11286629] Using device Intel(R) Iris(TM) Plus Graphics 640 (low power)
Initializing Metal device caps: Intel(R) Iris(TM) Plus Graphics 640
Initialize mono
Mono path[0] = '/Applications/Unity/Hub/Editor/2020.3.9f1/Unity.app/Contents/Managed'
Mono path[1] = '/Applications/Unity/Hub/Editor/2020.3.9f1/Unity.app/Contents/MonoBleedingEdge/lib/mono/unityjit'
Mono config path = '/Applications/Unity/Hub/Editor/2020.3.9f1/Unity.app/Contents/MonoBleedingEdge/etc'
Using monoOptions --debugger-agent=transport=dt_socket,embedding=1,server=y,suspend=n,address=127.0.0.1:56823
Begin MonoManager ReloadAssembly
Registering precompiled unity dll's ...
Register platform support module: /Applications/Unity/Hub/Editor/2020.3.9f1/Unity.app/Contents/PlaybackEngines/MacStandaloneSupport/UnityEditor.OSXStandalone.Extensions.dll
Registered in 0.001672 seconds.
Native extension for OSXStandalone target not found
Refreshing native plugins compatible for Editor in 38.94 ms, found 2 plugins.
Preloading 0 native plugins for Editor in 0.00 ms.
Mono: successfully reloaded assembly
- Completed reload, in  2.897 seconds
Platform modules already initialized, skipping
Registering precompiled user dll's ...
Registered in 0.001538 seconds.
Begin MonoManager ReloadAssembly
Native extension for OSXStandalone target not found
Refreshing native plugins compatible for Editor in 40.84 ms, found 2 plugins.
Preloading 0 native plugins for Editor in 0.00 ms.
Mono: successfully reloaded assembly
- Completed reload, in  1.339 seconds
Platform modules already initialized, skipping
========================================================================
Worker process is ready to serve import requests
Launching external process: /Applications/Unity/Hub/Editor/2020.3.9f1/Unity.app/Contents/Tools/UnityShaderCompiler
Launched and connected shader compiler UnityShaderCompiler after 0.01 seconds
Refreshing native plugins compatible for Editor in 0.52 ms, found 2 plugins.
Preloading 0 native plugins for Editor in 0.00 ms.
Unloading 1826 Unused Serialized files (Serialized files now loaded: 0)
System memory in use before: 148.5 MB.
System memory in use after: 148.4 MB.

Unloading 24 unused Assets to reduce memory usage. Loaded Objects now: 2269.
Total: 4.366099 ms (FindLiveObjects: 0.209323 ms CreateObjectMapping: 0.063840 ms MarkObjects: 3.951997 ms  DeleteObjects: 0.139974 ms)

========================================================================
Received Import Request.
  path: Assets/Sunnyland/artwork/Sprites/Items/gem/gem-1.png
  artifactKey: Guid(bd59bf2e866ed4529ae645637eb9c11d) Importer(815301076,1909f56bfc062723c751e8b465ee728b)
Start importing Assets/Sunnyland/artwork/Sprites/Items/gem/gem-1.png using Guid(bd59bf2e866ed4529ae645637eb9c11d) Importer(815301076,1909f56bfc062723c751e8b465ee728b)  -> (artifact id: '99d582ec509230a5da94da7c7e097f85') in 1.415634 seconds
  Import took 1.419616 seconds .

========================================================================
Received Import Request.
  Time since last request: 20.473927 seconds.
  path: Assets/Sunnyland/artwork/Sprites/Items/gem/gem-4.png
  artifactKey: Guid(5f35659c40d6a435fade670c478a52b1) Importer(815301076,1909f56bfc062723c751e8b465ee728b)
Start importing Assets/Sunnyland/artwork/Sprites/Items/gem/gem-4.png using Guid(5f35659c40d6a435fade670c478a52b1) Importer(815301076,1909f56bfc062723c751e8b465ee728b)  -> (artifact id: '8e20cb437c95ee06b47d2e8eaf0edf13') in 0.024061 seconds
  Import took 0.030609 seconds .

========================================================================
Received Import Request.
  Time since last request: 20.254747 seconds.
  path: Assets/Animators/Gem.controller
  artifactKey: Guid(313d3a1bb1b1f487e92a8e5d22693f12) Importer(815301076,1909f56bfc062723c751e8b465ee728b)
Start importing Assets/Animators/Gem.controller using Guid(313d3a1bb1b1f487e92a8e5d22693f12) Importer(815301076,1909f56bfc062723c751e8b465ee728b)  -> (artifact id: 'c409a7919b44f5266aa73cec22ec99e3') in 1.588662 seconds
  Import took 1.603477 seconds .

========================================================================
Received Import Request.
  Time since last request: 1.822073 seconds.
  path: Assets/Animators/Gem.controller
  artifactKey: Guid(313d3a1bb1b1f487e92a8e5d22693f12) Importer(815301076,1909f56bfc062723c751e8b465ee728b)
Start importing Assets/Animators/Gem.controller using Guid(313d3a1bb1b1f487e92a8e5d22693f12) Importer(815301076,1909f56bfc062723c751e8b465ee728b)  -> (artifact id: '03a1f225f5c88dd77b2df7222e1a8f5f') in 0.010208 seconds
  Import took 0.015853 seconds .

========================================================================
Received Prepare
Registering precompiled user dll's ...
Registered in 0.001215 seconds.
Begin MonoManager ReloadAssembly
Native extension for OSXStandalone target not found
Refreshing native plugins compatible for Editor in 0.47 ms, found 2 plugins.
Preloading 0 native plugins for Editor in 0.00 ms.
Mono: successfully reloaded assembly
- Completed reload, in  1.152 seconds
Platform modules already initialized, skipping
Refreshing native plugins compatible for Editor in 0.43 ms, found 2 plugins.
Preloading 0 native plugins for Editor in 0.00 ms.
Unloading 1809 Unused Serialized files (Serialized files now loaded: 0)
System memory in use before: 159.4 MB.
System memory in use after: 159.4 MB.

Unloading 12 unused Assets to reduce memory usage. Loaded Objects now: 2280.
Total: 2.186180 ms (FindLiveObjects: 0.190408 ms CreateObjectMapping: 0.055885 ms MarkObjects: 1.834515 ms  DeleteObjects: 0.104402 ms)

========================================================================
Received Prepare
Registering precompiled user dll's ...
Registered in 0.001343 seconds.
Begin MonoManager ReloadAssembly
Native extension for OSXStandalone target not found
Refreshing native plugins compatible for Editor in 0.40 ms, found 2 plugins.
Preloading 0 native plugins for Editor in 0.00 ms.
Mono: successfully reloaded assembly
- Completed reload, in  1.168 seconds
Platform modules already initialized, skipping
Refreshing native plugins compatible for Editor in 0.48 ms, found 2 plugins.
Preloading 0 native plugins for Editor in 0.00 ms.
Unloading 1809 Unused Serialized files (Serialized files now loaded: 0)
System memory in use before: 159.6 MB.
System memory in use after: 159.6 MB.

Unloading 12 unused Assets to reduce memory usage. Loaded Objects now: 2284.
Total: 2.282249 ms (FindLiveObjects: 0.312151 ms CreateObjectMapping: 0.090418 ms MarkObjects: 1.743155 ms  DeleteObjects: 0.135739 ms)

========================================================================
Received Prepare
Registering precompiled user dll's ...
Registered in 0.001322 seconds.
Begin MonoManager ReloadAssembly
Native extension for OSXStandalone target not found
Refreshing native plugins compatible for Editor in 0.40 ms, found 2 plugins.
Preloading 0 native plugins for Editor in 0.00 ms.
Mono: successfully reloaded assembly
- Completed reload, in  1.139 seconds
Platform modules already initialized, skipping
Refreshing native plugins compatible for Editor in 0.41 ms, found 2 plugins.
Preloading 0 native plugins for Editor in 0.00 ms.
Unloading 1809 Unused Serialized files (Serialized files now loaded: 0)
System memory in use before: 159.9 MB.
System memory in use after: 159.8 MB.

Unloading 12 unused Assets to reduce memory usage. Loaded Objects now: 2288.
Total: 2.308319 ms (FindLiveObjects: 0.225101 ms CreateObjectMapping: 0.075706 ms MarkObjects: 1.812830 ms  DeleteObjects: 0.193716 ms)

========================================================================
Received Prepare
Registering precompiled user dll's ...
Registered in 0.001279 seconds.
Begin MonoManager ReloadAssembly
Native extension for OSXStandalone target not found
Refreshing native plugins compatible for Editor in 0.40 ms, found 2 plugins.
Preloading 0 native plugins for Editor in 0.00 ms.
Mono: successfully reloaded assembly
- Completed reload, in  1.229 seconds
Platform modules already initialized, skipping
Refreshing native plugins compatible for Editor in 0.44 ms, found 2 plugins.
Preloading 0 native plugins for Editor in 0.00 ms.
Unloading 1809 Unused Serialized files (Serialized files now loaded: 0)
System memory in use before: 160.1 MB.
System memory in use after: 160.1 MB.

Unloading 12 unused Assets to reduce memory usage. Loaded Objects now: 2292.
Total: 2.360756 ms (FindLiveObjects: 0.204039 ms CreateObjectMapping: 0.072348 ms MarkObjects: 1.951822 ms  DeleteObjects: 0.131555 ms)

========================================================================
Received Prepare
Registering precompiled user dll's ...
Registered in 0.001344 seconds.
Begin MonoManager ReloadAssembly
Native extension for OSXStandalone target not found
Refreshing native plugins compatible for Editor in 0.40 ms, found 2 plugins.
Preloading 0 native plugins for Editor in 0.00 ms.
Mono: successfully reloaded assembly
- Completed reload, in  1.132 seconds
Platform modules already initialized, skipping
Refreshing native plugins compatible for Editor in 0.44 ms, found 2 plugins.
Preloading 0 native plugins for Editor in 0.00 ms.
Unloading 1809 Unused Serialized files (Serialized files now loaded: 0)
System memory in use before: 160.3 MB.
System memory in use after: 160.2 MB.

Unloading 12 unused Assets to reduce memory usage. Loaded Objects now: 2296.
Total: 2.205173 ms (FindLiveObjects: 0.228272 ms CreateObjectMapping: 0.069115 ms MarkObjects: 1.774536 ms  DeleteObjects: 0.132323 ms)

========================================================================
Received Prepare
Registering precompiled user dll's ...
Registered in 0.001245 seconds.
Begin MonoManager ReloadAssembly
Native extension for OSXStandalone target not found
Refreshing native plugins compatible for Editor in 0.47 ms, found 2 plugins.
Preloading 0 native plugins for Editor in 0.00 ms.
Mono: successfully reloaded assembly
- Completed reload, in  1.129 seconds
Platform modules already initialized, skipping
Refreshing native plugins compatible for Editor in 0.46 ms, found 2 plugins.
Preloading 0 native plugins for Editor in 0.00 ms.
Unloading 1809 Unused Serialized files (Serialized files now loaded: 0)
System memory in use before: 160.5 MB.
System memory in use after: 160.5 MB.

Unloading 12 unused Assets to reduce memory usage. Loaded Objects now: 2300.
Total: 2.141299 ms (FindLiveObjects: 0.227122 ms CreateObjectMapping: 0.069165 ms MarkObjects: 1.728514 ms  DeleteObjects: 0.115479 ms)

========================================================================
Received Import Request.
  Time since last request: 654.545935 seconds.
  path: Assets/Heart.prefab
  artifactKey: Guid(62e8d80af12aa43e78904d62578ab619) Importer(815301076,1909f56bfc062723c751e8b465ee728b)
Start importing Assets/Heart.prefab using Guid(62e8d80af12aa43e78904d62578ab619) Importer(815301076,1909f56bfc062723c751e8b465ee728b)  -> (artifact id: 'c3707f0464c62d38b9f116ab93a04497') in 0.446963 seconds
  Import took 0.451426 seconds .

========================================================================
Received Prepare
Registering precompiled user dll's ...
Registered in 0.001269 seconds.
Begin MonoManager ReloadAssembly
Native extension for OSXStandalone target not found
Refreshing native plugins compatible for Editor in 0.47 ms, found 2 plugins.
Preloading 0 native plugins for Editor in 0.00 ms.
Mono: successfully reloaded assembly
- Completed reload, in  1.189 seconds
Platform modules already initialized, skipping
Refreshing native plugins compatible for Editor in 0.51 ms, found 2 plugins.
Preloading 0 native plugins for Editor in 0.00 ms.
Unloading 1809 Unused Serialized files (Serialized files now loaded: 0)
System memory in use before: 164.9 MB.
System memory in use after: 164.9 MB.

Unloading 13 unused Assets to reduce memory usage. Loaded Objects now: 2304.
Total: 2.467849 ms (FindLiveObjects: 0.296299 ms CreateObjectMapping: 0.199675 ms MarkObjects: 1.848317 ms  DeleteObjects: 0.122656 ms)

========================================================================
Received Prepare
Registering precompiled user dll's ...
Registered in 0.001130 seconds.
Begin MonoManager ReloadAssembly
Native extension for OSXStandalone target not found
Refreshing native plugins compatible for Editor in 0.41 ms, found 2 plugins.
Preloading 0 native plugins for Editor in 0.00 ms.
Mono: successfully reloaded assembly
- Completed reload, in  1.165 seconds
Platform modules already initialized, skipping
Refreshing native plugins compatible for Editor in 0.58 ms, found 2 plugins.
Preloading 0 native plugins for Editor in 0.00 ms.
Unloading 1809 Unused Serialized files (Serialized files now loaded: 0)
System memory in use before: 165.2 MB.
System memory in use after: 165.1 MB.

Unloading 12 unused Assets to reduce memory usage. Loaded Objects now: 2308.
Total: 2.311250 ms (FindLiveObjects: 0.219936 ms CreateObjectMapping: 0.064489 ms MarkObjects: 1.906999 ms  DeleteObjects: 0.118605 ms)

========================================================================
Received Import Request.
  Time since last request: 164.519269 seconds.
  path: ProjectSettings/TagManager.asset
  artifactKey: Guid(00000000000000003000000000000000) Importer(815301076,1909f56bfc062723c751e8b465ee728b)
Start importing ProjectSettings/TagManager.asset using Guid(00000000000000003000000000000000) Importer(815301076,1909f56bfc062723c751e8b465ee728b)  -> (artifact id: '8209485b870c93c1c74494df0765a346') in 0.203695 seconds
  Import took 0.207640 seconds .

========================================================================
Received Import Request.
  Time since last request: 81.466173 seconds.
  path: Assets/Gem.prefab
  artifactKey: Guid(ade05d266372c4e7fa52b19b7aeed8b4) Importer(815301076,1909f56bfc062723c751e8b465ee728b)
Start importing Assets/Gem.prefab using Guid(ade05d266372c4e7fa52b19b7aeed8b4) Importer(815301076,1909f56bfc062723c751e8b465ee728b)  -> (artifact id: 'f7dc2d72afa7c51098485421a412cd43') in 0.079261 seconds
  Import took 0.083521 seconds .

========================================================================
Received Import Request.
  Time since last request: 0.004463 seconds.
  path: Assets/Gem.prefab
  artifactKey: Guid(ade05d266372c4e7fa52b19b7aeed8b4) Importer(815301076,1909f56bfc062723c751e8b465ee728b)
Start importing Assets/Gem.prefab using Guid(ade05d266372c4e7fa52b19b7aeed8b4) Importer(815301076,1909f56bfc062723c751e8b465ee728b)  -> (artifact id: 'f7dc2d72afa7c51098485421a412cd43') in 0.009676 seconds
  Import took 0.015500 seconds .

========================================================================
Received Prepare
Registering precompiled user dll's ...
Registered in 0.001761 seconds.
Begin MonoManager ReloadAssembly
Native extension for OSXStandalone target not found
Refreshing native plugins compatible for Editor in 0.39 ms, found 2 plugins.
Preloading 0 native plugins for Editor in 0.00 ms.
Mono: successfully reloaded assembly
- Completed reload, in  1.124 seconds
Platform modules already initialized, skipping
Refreshing native plugins compatible for Editor in 0.45 ms, found 2 plugins.
Preloading 0 native plugins for Editor in 0.00 ms.
Unloading 1809 Unused Serialized files (Serialized files now loaded: 0)
System memory in use before: 169.8 MB.
System memory in use after: 169.8 MB.

Unloading 13 unused Assets to reduce memory usage. Loaded Objects now: 2317.
Total: 2.233829 ms (FindLiveObjects: 0.243508 ms CreateObjectMapping: 0.074578 ms MarkObjects: 1.799647 ms  DeleteObjects: 0.115100 ms)

========================================================================
Received Prepare
Registering precompiled user dll's ...
Registered in 0.000660 seconds.
Begin MonoManager ReloadAssembly
Native extension for OSXStandalone target not found
Refreshing native plugins compatible for Editor in 0.39 ms, found 2 plugins.
Preloading 0 native plugins for Editor in 0.00 ms.
Mono: successfully reloaded assembly
- Completed reload, in  1.115 seconds
Platform modules already initialized, skipping
Refreshing native plugins compatible for Editor in 0.50 ms, found 2 plugins.
Preloading 0 native plugins for Editor in 0.00 ms.
Unloading 1809 Unused Serialized files (Serialized files now loaded: 0)
System memory in use before: 170.0 MB.
System memory in use after: 170.0 MB.

Unloading 12 unused Assets to reduce memory usage. Loaded Objects now: 2321.
Total: 2.037892 ms (FindLiveObjects: 0.200655 ms CreateObjectMapping: 0.063703 ms MarkObjects: 1.663316 ms  DeleteObjects: 0.109344 ms)

========================================================================
Received Prepare
Registering precompiled user dll's ...
Registered in 0.000669 seconds.
Begin MonoManager ReloadAssembly
Native extension for OSXStandalone target not found
Refreshing native plugins compatible for Editor in 0.40 ms, found 2 plugins.
Preloading 0 native plugins for Editor in 0.00 ms.
Mono: successfully reloaded assembly
- Completed reload, in  1.166 seconds
Platform modules already initialized, skipping
Refreshing native plugins compatible for Editor in 0.51 ms, found 2 plugins.
Preloading 0 native plugins for Editor in 0.00 ms.
Unloading 1809 Unused Serialized files (Serialized files now loaded: 0)
System memory in use before: 170.2 MB.
System memory in use after: 170.2 MB.

Unloading 12 unused Assets to reduce memory usage. Loaded Objects now: 2325.
Total: 2.222689 ms (FindLiveObjects: 0.223738 ms CreateObjectMapping: 0.077851 ms MarkObjects: 1.805413 ms  DeleteObjects: 0.114711 ms)

========================================================================
Received Prepare
Registering precompiled user dll's ...
Registered in 0.000687 seconds.
Begin MonoManager ReloadAssembly
Native extension for OSXStandalone target not found
Refreshing native plugins compatible for Editor in 0.52 ms, found 2 plugins.
Preloading 0 native plugins for Editor in 0.00 ms.
Mono: successfully reloaded assembly
- Completed reload, in  1.124 seconds
Platform modules already initialized, skipping
Refreshing native plugins compatible for Editor in 0.51 ms, found 2 plugins.
Preloading 0 native plugins for Editor in 0.00 ms.
Unloading 1809 Unused Serialized files (Serialized files now loaded: 0)
System memory in use before: 170.4 MB.
System memory in use after: 170.4 MB.

Unloading 12 unused Assets to reduce memory usage. Loaded Objects now: 2329.
Total: 2.255664 ms (FindLiveObjects: 0.200549 ms CreateObjectMapping: 0.060329 ms MarkObjects: 1.878202 ms  DeleteObjects: 0.115647 ms)

========================================================================
Received Prepare
Registering precompiled user dll's ...
Registered in 0.000698 seconds.
Begin MonoManager ReloadAssembly
Native extension for OSXStandalone target not found
Refreshing native plugins compatible for Editor in 0.40 ms, found 2 plugins.
Preloading 0 native plugins for Editor in 0.00 ms.
Mono: successfully reloaded assembly
- Completed reload, in  1.084 seconds
Platform modules already initialized, skipping
Refreshing native plugins compatible for Editor in 0.45 ms, found 2 plugins.
Preloading 0 native plugins for Editor in 0.00 ms.
Unloading 1809 Unused Serialized files (Serialized files now loaded: 0)
System memory in use before: 170.6 MB.
System memory in use after: 170.6 MB.

Unloading 12 unused Assets to reduce memory usage. Loaded Objects now: 2333.
Total: 2.402844 ms (FindLiveObjects: 0.216304 ms CreateObjectMapping: 0.073762 ms MarkObjects: 1.993981 ms  DeleteObjects: 0.117754 ms)

========================================================================
Received Prepare
Registering precompiled user dll's ...
Registered in 0.000659 seconds.
Begin MonoManager ReloadAssembly
Native extension for OSXStandalone target not found
Refreshing native plugins compatible for Editor in 0.47 ms, found 2 plugins.
Preloading 0 native plugins for Editor in 0.00 ms.
Mono: successfully reloaded assembly
- Completed reload, in  1.089 seconds
Platform modules already initialized, skipping
Refreshing native plugins compatible for Editor in 0.46 ms, found 2 plugins.
Preloading 0 native plugins for Editor in 0.00 ms.
Unloading 1809 Unused Serialized files (Serialized files now loaded: 0)
System memory in use before: 170.8 MB.
System memory in use after: 170.8 MB.

Unloading 12 unused Assets to reduce memory usage. Loaded Objects now: 2337.
Total: 2.099291 ms (FindLiveObjects: 0.216106 ms CreateObjectMapping: 0.068730 ms MarkObjects: 1.699166 ms  DeleteObjects: 0.114416 ms)

========================================================================
Received Prepare
Registering precompiled user dll's ...
Registered in 0.002258 seconds.
Begin MonoManager ReloadAssembly
Native extension for OSXStandalone target not found
Refreshing native plugins compatible for Editor in 0.43 ms, found 2 plugins.
Preloading 0 native plugins for Editor in 0.00 ms.
Mono: successfully reloaded assembly
- Completed reload, in  1.159 seconds
Platform modules already initialized, skipping
Refreshing native plugins compatible for Editor in 0.48 ms, found 2 plugins.
Preloading 0 native plugins for Editor in 0.00 ms.
Unloading 1809 Unused Serialized files (Serialized files now loaded: 0)
System memory in use before: 171.0 MB.
System memory in use after: 171.0 MB.

Unloading 12 unused Assets to reduce memory usage. Loaded Objects now: 2341.
Total: 2.519507 ms (FindLiveObjects: 0.334041 ms CreateObjectMapping: 0.091051 ms MarkObjects: 1.967390 ms  DeleteObjects: 0.125795 ms)

========================================================================
Received Prepare
Registering precompiled user dll's ...
Registered in 0.000712 seconds.
Begin MonoManager ReloadAssembly
Native extension for OSXStandalone target not found
Refreshing native plugins compatible for Editor in 0.39 ms, found 2 plugins.
Preloading 0 native plugins for Editor in 0.00 ms.
Mono: successfully reloaded assembly
- Completed reload, in  1.143 seconds
Platform modules already initialized, skipping
Refreshing native plugins compatible for Editor in 0.71 ms, found 2 plugins.
Preloading 0 native plugins for Editor in 0.00 ms.
Unloading 1809 Unused Serialized files (Serialized files now loaded: 0)
System memory in use before: 171.3 MB.
System memory in use after: 171.2 MB.

Unloading 12 unused Assets to reduce memory usage. Loaded Objects now: 2345.
Total: 2.445629 ms (FindLiveObjects: 0.299293 ms CreateObjectMapping: 0.072115 ms MarkObjects: 1.930754 ms  DeleteObjects: 0.142376 ms)

========================================================================
Received Prepare
Registering precompiled user dll's ...
Registered in 0.000665 seconds.
Begin MonoManager ReloadAssembly
Native extension for OSXStandalone target not found
Refreshing native plugins compatible for Editor in 0.46 ms, found 2 plugins.
Preloading 0 native plugins for Editor in 0.00 ms.
Mono: successfully reloaded assembly
- Completed reload, in  1.159 seconds
Platform modules already initialized, skipping
Refreshing native plugins compatible for Editor in 0.42 ms, found 2 plugins.
Preloading 0 native plugins for Editor in 0.00 ms.
Unloading 1809 Unused Serialized files (Serialized files now loaded: 0)
System memory in use before: 171.5 MB.
System memory in use after: 171.5 MB.

Unloading 12 unused Assets to reduce memory usage. Loaded Objects now: 2349.
Total: 2.230799 ms (FindLiveObjects: 0.219636 ms CreateObjectMapping: 0.062070 ms MarkObjects: 1.752473 ms  DeleteObjects: 0.195681 ms)

========================================================================
Received Prepare
Registering precompiled user dll's ...
Registered in 0.000661 seconds.
Begin MonoManager ReloadAssembly
Native extension for OSXStandalone target not found
Refreshing native plugins compatible for Editor in 0.48 ms, found 2 plugins.
Preloading 0 native plugins for Editor in 0.00 ms.
Mono: successfully reloaded assembly
- Completed reload, in  1.086 seconds
Platform modules already initialized, skipping
Refreshing native plugins compatible for Editor in 0.47 ms, found 2 plugins.
Preloading 0 native plugins for Editor in 0.00 ms.
Unloading 1809 Unused Serialized files (Serialized files now loaded: 0)
System memory in use before: 171.7 MB.
System memory in use after: 171.7 MB.

Unloading 12 unused Assets to reduce memory usage. Loaded Objects now: 2353.
Total: 2.129171 ms (FindLiveObjects: 0.209388 ms CreateObjectMapping: 0.062831 ms MarkObjects: 1.729499 ms  DeleteObjects: 0.126455 ms)

========================================================================
Received Prepare
Registering precompiled user dll's ...
Registered in 0.001469 seconds.
Begin MonoManager ReloadAssembly
Native extension for OSXStandalone target not found
Refreshing native plugins compatible for Editor in 0.46 ms, found 2 plugins.
Preloading 0 native plugins for Editor in 0.00 ms.
Mono: successfully reloaded assembly
- Completed reload, in  1.244 seconds
Platform modules already initialized, skipping
Refreshing native plugins compatible for Editor in 0.46 ms, found 2 plugins.
Preloading 0 native plugins for Editor in 0.00 ms.
Unloading 1809 Unused Serialized files (Serialized files now loaded: 0)
System memory in use before: 171.9 MB.
System memory in use after: 171.9 MB.

Unloading 12 unused Assets to reduce memory usage. Loaded Objects now: 2357.
Total: 2.310677 ms (FindLiveObjects: 0.284408 ms CreateObjectMapping: 0.069118 ms MarkObjects: 1.821612 ms  DeleteObjects: 0.134613 ms)

========================================================================
Received Prepare
Registering precompiled user dll's ...
Registered in 0.000754 seconds.
Begin MonoManager ReloadAssembly
Native extension for OSXStandalone target not found
Refreshing native plugins compatible for Editor in 0.48 ms, found 2 plugins.
Preloading 0 native plugins for Editor in 0.00 ms.
Mono: successfully reloaded assembly
- Completed reload, in  1.216 seconds
Platform modules already initialized, skipping
Refreshing native plugins compatible for Editor in 0.50 ms, found 2 plugins.
Preloading 0 native plugins for Editor in 0.00 ms.
Unloading 1809 Unused Serialized files (Serialized files now loaded: 0)
System memory in use before: 172.1 MB.
System memory in use after: 172.1 MB.

Unloading 12 unused Assets to reduce memory usage. Loaded Objects now: 2361.
Total: 2.563550 ms (FindLiveObjects: 0.309447 ms CreateObjectMapping: 0.067451 ms MarkObjects: 2.041490 ms  DeleteObjects: 0.143969 ms)

========================================================================
Received Prepare
Registering precompiled user dll's ...
Registered in 0.001180 seconds.
Begin MonoManager ReloadAssembly
Native extension for OSXStandalone target not found
Refreshing native plugins compatible for Editor in 0.39 ms, found 2 plugins.
Preloading 0 native plugins for Editor in 0.00 ms.
Mono: successfully reloaded assembly
- Completed reload, in  1.136 seconds
Platform modules already initialized, skipping
Refreshing native plugins compatible for Editor in 0.53 ms, found 2 plugins.
Preloading 0 native plugins for Editor in 0.00 ms.
Unloading 1809 Unused Serialized files (Serialized files now loaded: 0)
System memory in use before: 172.3 MB.
System memory in use after: 172.3 MB.

Unloading 12 unused Assets to reduce memory usage. Loaded Objects now: 2365.
Total: 2.133093 ms (FindLiveObjects: 0.217504 ms CreateObjectMapping: 0.072459 ms MarkObjects: 1.723249 ms  DeleteObjects: 0.118679 ms)

========================================================================
Received Prepare
Registering precompiled user dll's ...
Registered in 0.002271 seconds.
Begin MonoManager ReloadAssembly
Native extension for OSXStandalone target not found
Refreshing native plugins compatible for Editor in 0.45 ms, found 2 plugins.
Preloading 0 native plugins for Editor in 0.00 ms.
Mono: successfully reloaded assembly
- Completed reload, in  1.216 seconds
Platform modules already initialized, skipping
Refreshing native plugins compatible for Editor in 0.55 ms, found 2 plugins.
Preloading 0 native plugins for Editor in 0.00 ms.
Unloading 1809 Unused Serialized files (Serialized files now loaded: 0)
System memory in use before: 172.5 MB.
System memory in use after: 172.5 MB.

Unloading 12 unused Assets to reduce memory usage. Loaded Objects now: 2369.
Total: 2.129690 ms (FindLiveObjects: 0.232910 ms CreateObjectMapping: 0.072921 ms MarkObjects: 1.694895 ms  DeleteObjects: 0.127896 ms)

========================================================================
Received Prepare
Registering precompiled user dll's ...
Registered in 0.000670 seconds.
Begin MonoManager ReloadAssembly
Native extension for OSXStandalone target not found
Refreshing native plugins compatible for Editor in 0.52 ms, found 2 plugins.
Preloading 0 native plugins for Editor in 0.00 ms.
Mono: successfully reloaded assembly
- Completed reload, in  1.149 seconds
Platform modules already initialized, skipping
Refreshing native plugins compatible for Editor in 0.39 ms, found 2 plugins.
Preloading 0 native plugins for Editor in 0.00 ms.
Unloading 1809 Unused Serialized files (Serialized files now loaded: 0)
System memory in use before: 172.7 MB.
System memory in use after: 172.7 MB.

Unloading 12 unused Assets to reduce memory usage. Loaded Objects now: 2373.
Total: 2.400666 ms (FindLiveObjects: 0.258623 ms CreateObjectMapping: 0.068301 ms MarkObjects: 1.943930 ms  DeleteObjects: 0.128466 ms)

========================================================================
Received Prepare
Registering precompiled user dll's ...
Registered in 0.001246 seconds.
Begin MonoManager ReloadAssembly
Native extension for OSXStandalone target not found
Refreshing native plugins compatible for Editor in 0.42 ms, found 2 plugins.
Preloading 0 native plugins for Editor in 0.00 ms.
Mono: successfully reloaded assembly
- Completed reload, in  1.108 seconds
Platform modules already initialized, skipping
Refreshing native plugins compatible for Editor in 0.44 ms, found 2 plugins.
Preloading 0 native plugins for Editor in 0.00 ms.
Unloading 1809 Unused Serialized files (Serialized files now loaded: 0)
System memory in use before: 172.9 MB.
System memory in use after: 172.9 MB.

Unloading 12 unused Assets to reduce memory usage. Loaded Objects now: 2377.
Total: 2.106350 ms (FindLiveObjects: 0.216844 ms CreateObjectMapping: 0.065697 ms MarkObjects: 1.702315 ms  DeleteObjects: 0.120533 ms)

========================================================================
Received Prepare
Registering precompiled user dll's ...
Registered in 0.000894 seconds.
Begin MonoManager ReloadAssembly
Native extension for OSXStandalone target not found
Refreshing native plugins compatible for Editor in 0.40 ms, found 2 plugins.
Preloading 0 native plugins for Editor in 0.00 ms.
Mono: successfully reloaded assembly
- Completed reload, in  1.097 seconds
Platform modules already initialized, skipping
Refreshing native plugins compatible for Editor in 0.50 ms, found 2 plugins.
Preloading 0 native plugins for Editor in 0.00 ms.
Unloading 1810 Unused Serialized files (Serialized files now loaded: 0)
System memory in use before: 173.2 MB.
System memory in use after: 173.2 MB.

Unloading 12 unused Assets to reduce memory usage. Loaded Objects now: 2382.
Total: 2.220774 ms (FindLiveObjects: 0.224223 ms CreateObjectMapping: 0.073475 ms MarkObjects: 1.798760 ms  DeleteObjects: 0.123447 ms)

========================================================================
Received Prepare
Registering precompiled user dll's ...
Registered in 0.001158 seconds.
Begin MonoManager ReloadAssembly
Native extension for OSXStandalone target not found
Refreshing native plugins compatible for Editor in 0.40 ms, found 2 plugins.
Preloading 0 native plugins for Editor in 0.00 ms.
Mono: successfully reloaded assembly
- Completed reload, in  1.119 seconds
Platform modules already initialized, skipping
Refreshing native plugins compatible for Editor in 0.45 ms, found 2 plugins.
Preloading 0 native plugins for Editor in 0.00 ms.
Unloading 1811 Unused Serialized files (Serialized files now loaded: 0)
System memory in use before: 173.4 MB.
System memory in use after: 173.4 MB.

Unloading 12 unused Assets to reduce memory usage. Loaded Objects now: 2387.
Total: 2.473646 ms (FindLiveObjects: 0.253486 ms CreateObjectMapping: 0.143898 ms MarkObjects: 1.938898 ms  DeleteObjects: 0.136483 ms)

========================================================================
Received Import Request.
  Time since last request: 3107.157210 seconds.
  path: Assets/MainMenu.cs
  artifactKey: Guid(6a5a06a4a62494a3d801fff4b0ab9b09) Importer(815301076,1909f56bfc062723c751e8b465ee728b)
Start importing Assets/MainMenu.cs using Guid(6a5a06a4a62494a3d801fff4b0ab9b09) Importer(815301076,1909f56bfc062723c751e8b465ee728b)  -> (artifact id: 'e1b9e6e179d9adebd195800c7e6cb1f4') in 0.517575 seconds
  Import took 0.526266 seconds .

========================================================================
Received Prepare
Registering precompiled user dll's ...
Registered in 0.001400 seconds.
Begin MonoManager ReloadAssembly
Native extension for OSXStandalone target not found
Refreshing native plugins compatible for Editor in 0.43 ms, found 2 plugins.
Preloading 0 native plugins for Editor in 0.00 ms.
Mono: successfully reloaded assembly
- Completed reload, in  1.270 seconds
Platform modules already initialized, skipping
Refreshing native plugins compatible for Editor in 0.47 ms, found 2 plugins.
Preloading 0 native plugins for Editor in 0.00 ms.
Unloading 1811 Unused Serialized files (Serialized files now loaded: 0)
System memory in use before: 177.9 MB.
System memory in use after: 177.9 MB.

Unloading 12 unused Assets to reduce memory usage. Loaded Objects now: 2391.
Total: 3.860027 ms (FindLiveObjects: 0.299161 ms CreateObjectMapping: 0.071685 ms MarkObjects: 1.831919 ms  DeleteObjects: 1.656333 ms)

========================================================================
Received Prepare
Registering precompiled user dll's ...
Registered in 0.001146 seconds.
Begin MonoManager ReloadAssembly
Native extension for OSXStandalone target not found
Refreshing native plugins compatible for Editor in 0.51 ms, found 2 plugins.
Preloading 0 native plugins for Editor in 0.00 ms.
Mono: successfully reloaded assembly
- Completed reload, in  1.179 seconds
Platform modules already initialized, skipping
Refreshing native plugins compatible for Editor in 0.49 ms, found 2 plugins.
Preloading 0 native plugins for Editor in 0.00 ms.
Unloading 1812 Unused Serialized files (Serialized files now loaded: 0)
System memory in use before: 178.1 MB.
System memory in use after: 178.1 MB.

Unloading 12 unused Assets to reduce memory usage. Loaded Objects now: 2396.
Total: 2.268027 ms (FindLiveObjects: 0.246182 ms CreateObjectMapping: 0.073720 ms MarkObjects: 1.808964 ms  DeleteObjects: 0.138167 ms)

========================================================================
Received Prepare
Registering precompiled user dll's ...
Registered in 0.001224 seconds.
Begin MonoManager ReloadAssembly
Native extension for OSXStandalone target not found
Refreshing native plugins compatible for Editor in 0.40 ms, found 2 plugins.
Preloading 0 native plugins for Editor in 0.00 ms.
Mono: successfully reloaded assembly
- Completed reload, in  1.238 seconds
Platform modules already initialized, skipping
Refreshing native plugins compatible for Editor in 0.49 ms, found 2 plugins.
Preloading 0 native plugins for Editor in 0.00 ms.
Unloading 1812 Unused Serialized files (Serialized files now loaded: 0)
System memory in use before: 178.3 MB.
System memory in use after: 178.3 MB.

Unloading 12 unused Assets to reduce memory usage. Loaded Objects now: 2400.
Total: 4.765258 ms (FindLiveObjects: 1.007320 ms CreateObjectMapping: 0.174328 ms MarkObjects: 2.027540 ms  DeleteObjects: 1.554881 ms)

========================================================================
Received Prepare
Registering precompiled user dll's ...
Registered in 0.001390 seconds.
Begin MonoManager ReloadAssembly
Native extension for OSXStandalone target not found
Refreshing native plugins compatible for Editor in 0.40 ms, found 2 plugins.
Preloading 0 native plugins for Editor in 0.00 ms.
Mono: successfully reloaded assembly
- Completed reload, in  1.188 seconds
Platform modules already initialized, skipping
Refreshing native plugins compatible for Editor in 0.70 ms, found 2 plugins.
Preloading 0 native plugins for Editor in 0.00 ms.
Unloading 1812 Unused Serialized files (Serialized files now loaded: 0)
System memory in use before: 178.5 MB.
System memory in use after: 178.5 MB.

Unloading 12 unused Assets to reduce memory usage. Loaded Objects now: 2404.
Total: 2.915585 ms (FindLiveObjects: 0.201860 ms CreateObjectMapping: 0.057930 ms MarkObjects: 1.750407 ms  DeleteObjects: 0.904375 ms)

========================================================================
Received Prepare
Registering precompiled user dll's ...
Registered in 0.007193 seconds.
Begin MonoManager ReloadAssembly
Native extension for OSXStandalone target not found
Refreshing native plugins compatible for Editor in 2.35 ms, found 2 plugins.
Preloading 0 native plugins for Editor in 0.00 ms.
Mono: successfully reloaded assembly
- Completed reload, in  1.633 seconds
Platform modules already initialized, skipping
Refreshing native plugins compatible for Editor in 0.43 ms, found 2 plugins.
Preloading 0 native plugins for Editor in 0.00 ms.
Unloading 1812 Unused Serialized files (Serialized files now loaded: 0)
System memory in use before: 178.7 MB.
System memory in use after: 178.7 MB.

Unloading 12 unused Assets to reduce memory usage. Loaded Objects now: 2408.
Total: 2.554634 ms (FindLiveObjects: 0.276786 ms CreateObjectMapping: 0.141527 ms MarkObjects: 1.978970 ms  DeleteObjects: 0.156328 ms)

========================================================================
Received Prepare
Registering precompiled user dll's ...
Registered in 0.001470 seconds.
Begin MonoManager ReloadAssembly
Native extension for OSXStandalone target not found
Refreshing native plugins compatible for Editor in 0.50 ms, found 2 plugins.
Preloading 0 native plugins for Editor in 0.00 ms.
Mono: successfully reloaded assembly
- Completed reload, in  1.189 seconds
Platform modules already initialized, skipping
Refreshing native plugins compatible for Editor in 0.67 ms, found 2 plugins.
Preloading 0 native plugins for Editor in 0.00 ms.
Unloading 1812 Unused Serialized files (Serialized files now loaded: 0)
System memory in use before: 179.0 MB.
System memory in use after: 179.0 MB.

Unloading 12 unused Assets to reduce memory usage. Loaded Objects now: 2412.
Total: 2.178115 ms (FindLiveObjects: 0.254416 ms CreateObjectMapping: 0.073467 ms MarkObjects: 1.715490 ms  DeleteObjects: 0.133562 ms)

========================================================================
Received Prepare
Registering precompiled user dll's ...
Registered in 0.001104 seconds.
Begin MonoManager ReloadAssembly
Native extension for OSXStandalone target not found
Refreshing native plugins compatible for Editor in 0.46 ms, found 2 plugins.
Preloading 0 native plugins for Editor in 0.00 ms.
Mono: successfully reloaded assembly
- Completed reload, in  1.286 seconds
Platform modules already initialized, skipping
Refreshing native plugins compatible for Editor in 0.44 ms, found 2 plugins.
Preloading 0 native plugins for Editor in 0.00 ms.
Unloading 1812 Unused Serialized files (Serialized files now loaded: 0)
System memory in use before: 179.2 MB.
System memory in use after: 179.1 MB.

Unloading 12 unused Assets to reduce memory usage. Loaded Objects now: 2416.
Total: 2.308531 ms (FindLiveObjects: 0.304205 ms CreateObjectMapping: 0.081252 ms MarkObjects: 1.787043 ms  DeleteObjects: 0.135097 ms)

========================================================================
Received Prepare
Registering precompiled user dll's ...
Registered in 0.002067 seconds.
Begin MonoManager ReloadAssembly
Native extension for OSXStandalone target not found
Refreshing native plugins compatible for Editor in 0.46 ms, found 2 plugins.
Preloading 0 native plugins for Editor in 0.00 ms.
Mono: successfully reloaded assembly
- Completed reload, in  1.285 seconds
Platform modules already initialized, skipping
Refreshing native plugins compatible for Editor in 0.44 ms, found 2 plugins.
Preloading 0 native plugins for Editor in 0.00 ms.
Unloading 1812 Unused Serialized files (Serialized files now loaded: 0)
System memory in use before: 179.4 MB.
System memory in use after: 179.4 MB.

Unloading 12 unused Assets to reduce memory usage. Loaded Objects now: 2420.
Total: 2.827249 ms (FindLiveObjects: 0.799015 ms CreateObjectMapping: 0.073253 ms MarkObjects: 1.828708 ms  DeleteObjects: 0.125166 ms)

========================================================================
Received Prepare
Registering precompiled user dll's ...
Registered in 0.001326 seconds.
Begin MonoManager ReloadAssembly
Native extension for OSXStandalone target not found
Refreshing native plugins compatible for Editor in 0.42 ms, found 2 plugins.
Preloading 0 native plugins for Editor in 0.00 ms.
Mono: successfully reloaded assembly
- Completed reload, in  1.166 seconds
Platform modules already initialized, skipping
Refreshing native plugins compatible for Editor in 0.51 ms, found 2 plugins.
Preloading 0 native plugins for Editor in 0.00 ms.
Unloading 1812 Unused Serialized files (Serialized files now loaded: 0)
System memory in use before: 179.6 MB.
System memory in use after: 179.6 MB.

Unloading 12 unused Assets to reduce memory usage. Loaded Objects now: 2424.
Total: 2.065033 ms (FindLiveObjects: 0.206890 ms CreateObjectMapping: 0.064092 ms MarkObjects: 1.684823 ms  DeleteObjects: 0.108346 ms)

========================================================================
Received Prepare
Registering precompiled user dll's ...
Registered in 0.002426 seconds.
Begin MonoManager ReloadAssembly
Native extension for OSXStandalone target not found
Refreshing native plugins compatible for Editor in 0.44 ms, found 2 plugins.
Preloading 0 native plugins for Editor in 0.00 ms.
Mono: successfully reloaded assembly
- Completed reload, in  1.280 seconds
Platform modules already initialized, skipping
Refreshing native plugins compatible for Editor in 0.47 ms, found 2 plugins.
Preloading 0 native plugins for Editor in 0.00 ms.
Unloading 1812 Unused Serialized files (Serialized files now loaded: 0)
System memory in use before: 179.8 MB.
System memory in use after: 179.8 MB.

Unloading 12 unused Assets to reduce memory usage. Loaded Objects now: 2428.
Total: 2.849675 ms (FindLiveObjects: 0.242400 ms CreateObjectMapping: 0.072992 ms MarkObjects: 1.741253 ms  DeleteObjects: 0.791999 ms)

========================================================================
Received Import Request.
  Time since last request: 1914.542064 seconds.
  path: Assets/Prefabs
  artifactKey: Guid(65e82cc5c55fd42ac9da60f3b2effff0) Importer(815301076,1909f56bfc062723c751e8b465ee728b)
Start importing Assets/Prefabs using Guid(65e82cc5c55fd42ac9da60f3b2effff0) Importer(815301076,1909f56bfc062723c751e8b465ee728b)  -> (artifact id: 'd15e722ebb1ecd28916c83dac9467d1a') in 0.046532 seconds
  Import took 0.064197 seconds .

========================================================================
Received Import Request.
  Time since last request: 1.344745 seconds.
  path: Assets/Opussum Enemy.prefab
  artifactKey: Guid(5b06c2d80752c41ccbfb13b8d7c211d1) Importer(815301076,1909f56bfc062723c751e8b465ee728b)
Start importing Assets/Opussum Enemy.prefab using Guid(5b06c2d80752c41ccbfb13b8d7c211d1) Importer(815301076,1909f56bfc062723c751e8b465ee728b)  -> (artifact id: 'ee7e6abbd4d2550c301003c927c6bef6') in 0.173736 seconds
  Import took 0.178321 seconds .

========================================================================
Received Import Request.
  Time since last request: 18.613255 seconds.
  path: Assets/Scripts
  artifactKey: Guid(80e9f857f4db243b5a33c00765593388) Importer(815301076,1909f56bfc062723c751e8b465ee728b)
Start importing Assets/Scripts using Guid(80e9f857f4db243b5a33c00765593388) Importer(815301076,1909f56bfc062723c751e8b465ee728b)  -> (artifact id: '0e57db5d19e01b482da8a036ab6114e3') in 0.002982 seconds
  Import took 0.009911 seconds .

========================================================================
Received Import Request.
  Time since last request: 0.002072 seconds.
  path: Assets/Scripts
  artifactKey: Guid(80e9f857f4db243b5a33c00765593388) Importer(815301076,1909f56bfc062723c751e8b465ee728b)
Start importing Assets/Scripts using Guid(80e9f857f4db243b5a33c00765593388) Importer(815301076,1909f56bfc062723c751e8b465ee728b)  -> (artifact id: '0e57db5d19e01b482da8a036ab6114e3') in 0.003375 seconds
  Import took 0.012385 seconds .

========================================================================
Received Import Request.
  Time since last request: 1.271043 seconds.
  path: Assets/PlayerController.cs
  artifactKey: Guid(eb083c539723346bb95e0e9402cbe428) Importer(815301076,1909f56bfc062723c751e8b465ee728b)
Start importing Assets/PlayerController.cs using Guid(eb083c539723346bb95e0e9402cbe428) Importer(815301076,1909f56bfc062723c751e8b465ee728b)  -> (artifact id: '0846374309e76ec133b08123900f8660') in 0.012648 seconds
  Import took 0.016638 seconds .

========================================================================
Received Prepare
Registering precompiled user dll's ...
Registered in 0.001101 seconds.
Begin MonoManager ReloadAssembly
Native extension for OSXStandalone target not found
Refreshing native plugins compatible for Editor in 0.43 ms, found 2 plugins.
Preloading 0 native plugins for Editor in 0.00 ms.
Mono: successfully reloaded assembly
- Completed reload, in  1.259 seconds
Platform modules already initialized, skipping
Refreshing native plugins compatible for Editor in 0.42 ms, found 2 plugins.
Preloading 0 native plugins for Editor in 0.00 ms.
Unloading 1812 Unused Serialized files (Serialized files now loaded: 0)
System memory in use before: 180.1 MB.
System memory in use after: 180.1 MB.

Unloading 12 unused Assets to reduce memory usage. Loaded Objects now: 2433.
Total: 2.445277 ms (FindLiveObjects: 0.313440 ms CreateObjectMapping: 0.071981 ms MarkObjects: 1.932767 ms  DeleteObjects: 0.125750 ms)

========================================================================
Received Import Request.
  Time since last request: 24.757696 seconds.
  path: Assets/Scenes/MainMenu.unity
  artifactKey: Guid(df9a2ea6a84c94d5fbe92b269665b1dd) Importer(815301076,1909f56bfc062723c751e8b465ee728b)
Start importing Assets/Scenes/MainMenu.unity using Guid(df9a2ea6a84c94d5fbe92b269665b1dd) Importer(815301076,1909f56bfc062723c751e8b465ee728b)  -> (artifact id: 'e306e01852c05dedd1fd833071ff875a') in 0.018402 seconds
  Import took 0.025154 seconds .

========================================================================
Received Import Request.
  Time since last request: 123.891224 seconds.
  path: Assets/Scenes/SampleScene.unity
  artifactKey: Guid(2cda990e2423bbf4892e6590ba056729) Importer(815301076,1909f56bfc062723c751e8b465ee728b)
Start importing Assets/Scenes/SampleScene.unity using Guid(2cda990e2423bbf4892e6590ba056729) Importer(815301076,1909f56bfc062723c751e8b465ee728b)  -> (artifact id: 'ed77e2889309c8245d185233dd51ea98') in 0.005252 seconds
  Import took 0.012893 seconds .

========================================================================
Received Prepare
Registering precompiled user dll's ...
Registered in 0.002023 seconds.
Begin MonoManager ReloadAssembly
Native extension for OSXStandalone target not found
Refreshing native plugins compatible for Editor in 0.52 ms, found 2 plugins.
Preloading 0 native plugins for Editor in 0.00 ms.
Mono: successfully reloaded assembly
- Completed reload, in  1.172 seconds
Platform modules already initialized, skipping
Refreshing native plugins compatible for Editor in 0.44 ms, found 2 plugins.
Preloading 0 native plugins for Editor in 0.00 ms.
Unloading 1812 Unused Serialized files (Serialized files now loaded: 0)
System memory in use before: 180.3 MB.
System memory in use after: 180.3 MB.

Unloading 12 unused Assets to reduce memory usage. Loaded Objects now: 2437.
Total: 3.646770 ms (FindLiveObjects: 0.295564 ms CreateObjectMapping: 0.097956 ms MarkObjects: 1.718356 ms  DeleteObjects: 1.534001 ms)

========================================================================
Received Import Request.
  Time since last request: 1086.669203 seconds.
  path: Assets/Scenes/MainMenu.unity
  artifactKey: Guid(df9a2ea6a84c94d5fbe92b269665b1dd) Importer(815301076,1909f56bfc062723c751e8b465ee728b)
Start importing Assets/Scenes/MainMenu.unity using Guid(df9a2ea6a84c94d5fbe92b269665b1dd) Importer(815301076,1909f56bfc062723c751e8b465ee728b)  -> (artifact id: 'd225c231503ced8fdfd48f58ba517a2d') in 0.028754 seconds
  Import took 0.034032 seconds .

========================================================================
Received Import Request.
  Time since last request: 27.842329 seconds.
  path: Assets/Scenes/SampleScene.unity
  artifactKey: Guid(2cda990e2423bbf4892e6590ba056729) Importer(815301076,1909f56bfc062723c751e8b465ee728b)
Start importing Assets/Scenes/SampleScene.unity using Guid(2cda990e2423bbf4892e6590ba056729) Importer(815301076,1909f56bfc062723c751e8b465ee728b)  -> (artifact id: '69c251b7afaaf4e6e9f9b052c4846203') in 0.006021 seconds
  Import took 0.013259 seconds .

========================================================================
Received Prepare
Registering precompiled user dll's ...
Registered in 0.001512 seconds.
Begin MonoManager ReloadAssembly
Native extension for OSXStandalone target not found
Refreshing native plugins compatible for Editor in 0.41 ms, found 2 plugins.
Preloading 0 native plugins for Editor in 0.00 ms.
Mono: successfully reloaded assembly
- Completed reload, in  1.293 seconds
Platform modules already initialized, skipping
Refreshing native plugins compatible for Editor in 0.48 ms, found 2 plugins.
Preloading 0 native plugins for Editor in 0.00 ms.
Unloading 1812 Unused Serialized files (Serialized files now loaded: 0)
System memory in use before: 180.5 MB.
System memory in use after: 180.5 MB.

Unloading 12 unused Assets to reduce memory usage. Loaded Objects now: 2441.
Total: 2.926680 ms (FindLiveObjects: 0.271260 ms CreateObjectMapping: 0.087543 ms MarkObjects: 1.772544 ms  DeleteObjects: 0.794381 ms)

========================================================================
Received Prepare
Registering precompiled user dll's ...
Registered in 0.000719 seconds.
Begin MonoManager ReloadAssembly
Native extension for OSXStandalone target not found
Refreshing native plugins compatible for Editor in 0.46 ms, found 2 plugins.
Preloading 0 native plugins for Editor in 0.00 ms.
Mono: successfully reloaded assembly
- Completed reload, in  1.115 seconds
Platform modules already initialized, skipping
Refreshing native plugins compatible for Editor in 0.39 ms, found 2 plugins.
Preloading 0 native plugins for Editor in 0.00 ms.
Unloading 1812 Unused Serialized files (Serialized files now loaded: 0)
System memory in use before: 180.7 MB.
System memory in use after: 180.7 MB.

Unloading 12 unused Assets to reduce memory usage. Loaded Objects now: 2445.
Total: 2.794689 ms (FindLiveObjects: 0.234241 ms CreateObjectMapping: 0.068921 ms MarkObjects: 2.313140 ms  DeleteObjects: 0.177500 ms)

AssetImportWorkerClient::OnTransportError - code=2 error=End of file
